Arguments: 
  C:\Program Files\nodejs\node.exe C:\Users\YounasHabibKHAN\AppData\Roaming\npm\node_modules\yarn\bin\yarn.js add cypress-cookie

PATH: 
  C:\Users\YounasHabibKHAN\bin;C:\Program Files\Git\mingw64\bin;C:\Program Files\Git\usr\local\bin;C:\Program Files\Git\usr\bin;C:\Program Files\Git\usr\bin;C:\Program Files\Git\mingw64\bin;C:\Program Files\Git\usr\bin;C:\Users\YounasHabibKHAN\bin;C:\Windows\system32;C:\Windows;C:\Windows\System32\Wbem;C:\Windows\System32\WindowsPowerShell\v1.0;C:\Windows\System32\OpenSSH;C:\Program Files\dotnet;C:\ProgramData\chocolatey\bin;C:\Program Files\Docker\Docker\resources\bin;C:\Program Files\Git\cmd;C:\Program Files\nodejs;C:\Program Files (x86)\Java\jdk-11.0.2\bin;C:\Users\YounasHabibKHAN\AppData\Local\Microsoft\WindowsApps;C:\Users\YounasHabibKHAN\AppData\Local\Programs\Microsoft VS Code\bin;C:\Program Files\Docker Toolbox;C:\Program Files\Tricentis\Mobile Agent;C:\Users\YounasHabibKHAN\AppData\Roaming\npm;C:\Program Files\Git\usr\bin\vendor_perl;C:\Program Files\Git\usr\bin\core_perl

Yarn version: 
  1.22.19

Node version: 
  18.17.1

Platform: 
  win32 x64

Trace: 
  Error: https://registry.yarnpkg.com/cypress-cookie: Not found
      at params.callback [as _callback] (C:\Users\YounasHabibKHAN\AppData\Roaming\npm\node_modules\yarn\lib\cli.js:66145:18)
      at self.callback (C:\Users\YounasHabibKHAN\AppData\Roaming\npm\node_modules\yarn\lib\cli.js:140890:22)
      at Request.emit (node:events:514:28)
      at Request.<anonymous> (C:\Users\YounasHabibKHAN\AppData\Roaming\npm\node_modules\yarn\lib\cli.js:141862:10)
      at Request.emit (node:events:514:28)
      at IncomingMessage.<anonymous> (C:\Users\YounasHabibKHAN\AppData\Roaming\npm\node_modules\yarn\lib\cli.js:141784:12)
      at Object.onceWrapper (node:events:628:28)
      at IncomingMessage.emit (node:events:526:35)
      at endReadableNT (node:internal/streams/readable:1359:12)
      at process.processTicksAndRejections (node:internal/process/task_queues:82:21)

npm manifest: 
  {
    "devDependencies": {
      "cypress": "^13.2.0"
    },
    "dependencies": {
      "cookie": "^0.5.0"
    }
  }

yarn manifest: 
  No manifest

Lockfile: 
  No lockfile
